[debug] > Exec(early(addDefaultCommands), None, None)
[debug] > Exec(addDefaultCommands, None, None)
[debug] > Exec(early(initialize), None, None)
[debug] > Exec(initialize, None, None)
[debug] > Exec(early(addPluginSbtFile="""/private/var/folders/49/lkdghk4d3x74yvb4_dvfr6fh0000gn/T/idea3.sbt"""), None, None)
[debug] > Exec(addPluginSbtFile="""/private/var/folders/49/lkdghk4d3x74yvb4_dvfr6fh0000gn/T/idea3.sbt""", None, None)
[debug] > Exec(boot, None, None)
[debug] > Exec(writeSbtVersion, None, None)
[debug] > Exec(reload, None, None)
[debug] > Exec(sbtStashOnFailure, None, None)
[debug] > Exec(onFailure loadFailed, None, None)
[debug] > Exec(loadp, None, None)
[info] welcome to sbt 1.4.2 (JetBrains s.r.o. Java 11.0.8)
[debug]       Load.loadUnit: plugins took 137.240921ms
[debug]       Load.loadUnit: defsScala took 0.417819ms
[debug] [Loading] Scanning directory /Users/kex/.sbt/1.0/plugins
[debug] [Loading] Found non-root projects 
[debug] [Loading] Done in /Users/kex/.sbt/1.0/plugins, returning: ()
[debug] deducing auto plugins based on known facts Set(Atom(sbt.plugins.CorePlugin)) and clauses Clauses(List(Clause(Atom(sbt.plugins.JvmPlugin),Set(Atom(sbt.plugins.IvyPlugin))), Clause(Atom(sbt.ScriptedPlugin),Set(Atom(sbt.plugins.JvmPlugin))), Clause(Atom(sbt.plugins.SbtPlugin),Set(Atom(sbt.ScriptedPlugin))), Clause(Atom(sbt.plugins.SemanticdbPlugin),Set(Atom(sbt.plugins.JvmPlugin))), Clause(Atom(sbt.plugins.JUnitXmlReportPlugin),Set(Atom(sbt.plugins.JvmPlugin))), Clause(Atom(sbt.plugins.MiniDependencyTreePlugin),Set(Atom(sbt.plugins.JvmPlugin))), Clause(Atom(sbt.plugins.CorePlugin),Set(Atom(sbt.plugins.IvyPlugin))), Clause(Atom(sbt.plugins.IvyPlugin),Set(Atom(sbt.plugins.JvmPlugin))), Clause(Atom(sbt.plugins.JvmPlugin),Set(Atom(sbt.plugins.SemanticdbPlugin))), Clause(Atom(sbt.plugins.JvmPlugin),Set(Atom(sbt.plugins.JUnitXmlReportPlugin))), Clause(Atom(sbt.plugins.CorePlugin),Set(Atom(sbt.plugins.Giter8TemplatePlugin))), Clause(Atom(sbt.plugins.JvmPlugin),Set(Atom(sbt.plugins.MiniDependencyTreePlugin)))))
[debug]   :: deduced result: Matched(sbt.plugins.CorePlugin,sbt.plugins.Giter8TemplatePlugin,sbt.plugins.IvyPlugin,sbt.plugins.JvmPlugin,sbt.plugins.MiniDependencyTreePlugin,sbt.plugins.JUnitXmlReportPlugin,sbt.plugins.SemanticdbPlugin)
[debug] Plugins.deducer#function took 24.503716 ms
[debug]           Load.resolveProject(global-plugins) took 65.05019ms
[debug]         Load.loadTransitive: finalizeProject(Project(id global-plugins, base: /Users/kex/.sbt/1.0/plugins, plugins: List(<none>))) took 132.944576ms
[debug] [Loading] Done in /Users/kex/.sbt/1.0/plugins, returning: (global-plugins)
[debug]       Load.loadUnit: loadedProjectsRaw took 158.152628ms
[debug]       Load.loadUnit: cleanEvalClasses took 0.230946ms
[debug]     Load.loadUnit(file:/Users/kex/.sbt/1.0/plugins/, ...) took 307.732002ms
[debug]   Load.apply: load took 761.369347ms
[debug]   Load.apply: resolveProjects took 9.984163ms
[debug]   Load.apply: finalTransforms took 74.662102ms
[debug]   Load.apply: config.delegates took 8.953309ms
[debug]   Load.apply: Def.make(settings)... took 583.019406ms
[debug]   Load.apply: structureIndex took 115.211248ms
[debug]   Load.apply: mkStreams took 2.161928ms
[info] loading global plugins from /Users/kex/.sbt/1.0/plugins
[debug] Running task... Cancel: Signal, check cycles: false, forcegc: true
[debug] Load.defaultLoad until apply took 3695.074709ms
[debug]           Load.loadUnit: plugins took 17.322736ms
[debug]           Load.loadUnit: defsScala took 0.004812ms
[debug] [Loading] Scanning directory /Users/kex/Desktop/projekts/akka/chatchatchat/com.chatchatchat/project
[debug]             Load.loadUnit: mkEval took 6.019413ms
[debug] [Loading] Found non-root projects 
[debug] [Loading] Done in /Users/kex/Desktop/projekts/akka/chatchatchat/com.chatchatchat/project, returning: ()
[debug] deducing auto plugins based on known facts Set(Atom(sbt.plugins.CorePlugin)) and clauses Clauses(List(Clause(Atom(sbt.plugins.JvmPlugin),Set(Atom(sbt.plugins.IvyPlugin))), Clause(Atom(sbt.ScriptedPlugin),Set(Atom(sbt.plugins.JvmPlugin))), Clause(Atom(sbt.plugins.SbtPlugin),Set(Atom(sbt.ScriptedPlugin))), Clause(Atom(sbt.plugins.SemanticdbPlugin),Set(Atom(sbt.plugins.JvmPlugin))), Clause(Atom(sbt.plugins.JUnitXmlReportPlugin),Set(Atom(sbt.plugins.JvmPlugin))), Clause(Atom(sbt.plugins.MiniDependencyTreePlugin),Set(Atom(sbt.plugins.JvmPlugin))), Clause(Atom(sbt.plugins.CorePlugin),Set(Atom(sbt.plugins.IvyPlugin))), Clause(Atom(sbt.plugins.IvyPlugin),Set(Atom(sbt.plugins.JvmPlugin))), Clause(Atom(sbt.plugins.JvmPlugin),Set(Atom(sbt.plugins.SemanticdbPlugin))), Clause(Atom(sbt.plugins.JvmPlugin),Set(Atom(sbt.plugins.JUnitXmlReportPlugin))), Clause(Atom(sbt.plugins.CorePlugin),Set(Atom(sbt.plugins.Giter8TemplatePlugin))), Clause(Atom(sbt.plugins.JvmPlugin),Set(Atom(sbt.plugins.MiniDependencyTreePlugin)))))
[debug]   :: deduced result: Matched(sbt.plugins.CorePlugin,sbt.plugins.Giter8TemplatePlugin,sbt.plugins.IvyPlugin,sbt.plugins.JvmPlugin,sbt.plugins.MiniDependencyTreePlugin,sbt.plugins.JUnitXmlReportPlugin,sbt.plugins.SemanticdbPlugin)
[debug] Plugins.deducer#function took 2.803883 ms
[info] loading settings for project com-chatchatchat-build from idea3.sbt ...
[debug]               Load.resolveProject(com-chatchatchat-build) took 3.586206ms
[debug]             Load.loadTransitive: finalizeProject(Project(id com-chatchatchat-build, base: /Users/kex/Desktop/projekts/akka/chatchatchat/com.chatchatchat/project, plugins: List(<none>))) took 7.162907ms
[debug] [Loading] Done in /Users/kex/Desktop/projekts/akka/chatchatchat/com.chatchatchat/project, returning: (com-chatchatchat-build)
[debug]           Load.loadUnit: loadedProjectsRaw took 156.975469ms
[debug]           Load.loadUnit: cleanEvalClasses took 4.18343ms
[debug]         Load.loadUnit(file:/Users/kex/Desktop/projekts/akka/chatchatchat/com.chatchatchat/project/, ...) took 179.439405ms
[debug]       Load.apply: load took 180.761311ms
[debug]       Load.apply: resolveProjects took 0.127442ms
[debug]       Load.apply: finalTransforms took 12.469719ms
[debug]       Load.apply: config.delegates took 0.480081ms
[debug]       Load.apply: Def.make(settings)... took 108.340457ms
[debug]       Load.apply: structureIndex took 55.337929ms
[debug]       Load.apply: mkStreams took 0.002895ms
[info] loading project definition from /Users/kex/Desktop/projekts/akka/chatchatchat/com.chatchatchat/project
[debug] Running task... Cancel: Signal, check cycles: false, forcegc: true
[debug]     Load.loadUnit: plugins took 687.882137ms
[debug]     Load.loadUnit: defsScala took 0.004381ms
[debug] [Loading] Scanning directory /Users/kex/Desktop/projekts/akka/chatchatchat/com.chatchatchat
[debug]       Load.loadUnit: mkEval took 0.242139ms
[debug] [Loading] Found non-root projects 
[debug] [Loading] Done in /Users/kex/Desktop/projekts/akka/chatchatchat/com.chatchatchat, returning: ()
[debug] deducing auto plugins based on known facts Set(Atom(sbt.plugins.CorePlugin)) and clauses Clauses(List(Clause(Atom(sbt.plugins.JvmPlugin),Set(Atom(sbt.plugins.IvyPlugin))), Clause(Atom(sbt.ScriptedPlugin),Set(Atom(sbt.plugins.JvmPlugin))), Clause(Atom(sbt.plugins.SbtPlugin),Set(Atom(sbt.ScriptedPlugin))), Clause(Atom(sbt.plugins.SemanticdbPlugin),Set(Atom(sbt.plugins.JvmPlugin))), Clause(Atom(sbt.plugins.JUnitXmlReportPlugin),Set(Atom(sbt.plugins.JvmPlugin))), Clause(Atom(sbt.plugins.MiniDependencyTreePlugin),Set(Atom(sbt.plugins.JvmPlugin))), Clause(Atom(org.jetbrains.sbt.StructurePlugin),Set(Atom(sbt.plugins.JvmPlugin))), Clause(Atom(org.jetbrains.sbt.IdeaShellPlugin),Set(Atom(sbt.plugins.JvmPlugin))), Clause(Atom(org.jetbrains.sbt.indices.SbtIntellijIndicesPlugin),Set(Atom(sbt.plugins.JvmPlugin))), Clause(Atom(sbt.plugins.CorePlugin),Set(Atom(sbt.plugins.IvyPlugin))), Clause(Atom(sbt.plugins.IvyPlugin),Set(Atom(sbt.plugins.JvmPlugin))), Clause(Atom(sbt.plugins.JvmPlugin),Set(Atom(sbt.plugins.SemanticdbPlugin))), Clause(Atom(sbt.plugins.JvmPlugin),Set(Atom(sbt.plugins.JUnitXmlReportPlugin))), Clause(Atom(sbt.plugins.CorePlugin),Set(Atom(sbt.plugins.Giter8TemplatePlugin))), Clause(Atom(sbt.plugins.JvmPlugin),Set(Atom(sbt.plugins.MiniDependencyTreePlugin))), Clause(Atom(sbt.plugins.JvmPlugin),Set(Atom(org.jetbrains.sbt.StructurePlugin))), Clause(Atom(sbt.plugins.JvmPlugin),Set(Atom(org.jetbrains.sbt.IdeaShellPlugin))), Clause(And(Set(Atom(sbt.plugins.CorePlugin), Atom(sbt.plugins.JvmPlugin))),Set(Atom(org.jetbrains.sbt.indices.SbtIntellijIndicesPlugin)))))
[debug]   :: deduced result: Matched(sbt.plugins.CorePlugin,sbt.plugins.Giter8TemplatePlugin,sbt.plugins.IvyPlugin,sbt.plugins.JvmPlugin,sbt.plugins.SemanticdbPlugin,org.jetbrains.sbt.indices.SbtIntellijIndicesPlugin,sbt.plugins.JUnitXmlReportPlugin,org.jetbrains.sbt.IdeaShellPlugin,org.jetbrains.sbt.StructurePlugin,sbt.plugins.MiniDependencyTreePlugin)
[debug] Plugins.deducer#function took 2.753574 ms
[info] loading settings for project com-chatchatchat from build.sbt ...
[debug]         Load.resolveProject(com-chatchatchat) took 34.812154ms
[debug]       Load.loadTransitive: finalizeProject(Project(id com-chatchatchat, base: /Users/kex/Desktop/projekts/akka/chatchatchat/com.chatchatchat, plugins: List(<none>))) took 39.205906ms
[debug] [Loading] Done in /Users/kex/Desktop/projekts/akka/chatchatchat/com.chatchatchat, returning: (com-chatchatchat)
[debug]     Load.loadUnit: loadedProjectsRaw took 111.468162ms
[debug]     Load.loadUnit: cleanEvalClasses took 5.851547ms
[debug]   Load.loadUnit(file:/Users/kex/Desktop/projekts/akka/chatchatchat/com.chatchatchat/, ...) took 806.006422ms
[debug] Load.apply: load took 807.451398ms
[debug] Load.apply: resolveProjects took 0.127083ms
[debug] Load.apply: finalTransforms took 37.140417ms
[debug] Load.apply: config.delegates took 0.353409ms
[debug] Load.apply: Def.make(settings)... took 131.221862ms
[debug] Load.apply: structureIndex took 44.371368ms
[debug] Load.apply: mkStreams took 0.003155ms
[info] set current project to com.chatchatchat (in build file:/Users/kex/Desktop/projekts/akka/chatchatchat/com.chatchatchat/)
[debug] > Exec(sbtPopOnFailure, None, None)
[debug] > Exec(resumeFromFailure, None, None)
[debug] > Exec(notifyUsersAboutShell, None, None)
[debug] > Exec(iflast shell, None, None)
[debug] > Exec(; set ideaPort in Global := 57369 ; idea-shell, None, None)
[debug] > Exec(set ideaPort in Global := 57369, None, None)
[info] Defining Global / ideaPort
[info] The new value will be used by Compile / compile, Test / compile
[debug] Defining 
[debug] 	Global / ideaPort
[debug] 
[debug] The new value will be used by 
[debug] 	Compile / compile
[debug] 	Test / compile
[info] Reapplying settings...
[info] set current project to com.chatchatchat (in build file:/Users/kex/Desktop/projekts/akka/chatchatchat/com.chatchatchat/)
[debug] > Exec(idea-shell, None, None)
