[debug] > Exec(early(addDefaultCommands), None, None)
[debug] > Exec(addDefaultCommands, None, None)
[debug] > Exec(early(initialize), None, None)
[debug] > Exec(initialize, None, None)
[debug] > Exec(early(addPluginSbtFile="""/private/var/folders/49/lkdghk4d3x74yvb4_dvfr6fh0000gn/T/idea5.sbt"""), None, None)
[debug] > Exec(addPluginSbtFile="""/private/var/folders/49/lkdghk4d3x74yvb4_dvfr6fh0000gn/T/idea5.sbt""", None, None)
[debug] > Exec(boot, None, None)
[debug] > Exec(writeSbtVersion, None, None)
[debug] > Exec(reload, None, None)
[debug] > Exec(sbtStashOnFailure, None, None)
[debug] > Exec(onFailure loadFailed, None, None)
[debug] > Exec(loadp, None, None)
[info] welcome to sbt 1.4.2 (JetBrains s.r.o. Java 11.0.8)
[debug]       Load.loadUnit: plugins took 336.27327ms
[debug]       Load.loadUnit: defsScala took 0.472156ms
[debug] [Loading] Scanning directory /Users/kex/.sbt/1.0/plugins
[debug] [Loading] Found non-root projects 
[debug] [Loading] Done in /Users/kex/.sbt/1.0/plugins, returning: ()
[debug] deducing auto plugins based on known facts Set(Atom(sbt.plugins.CorePlugin)) and clauses Clauses(List(Clause(Atom(sbt.plugins.JvmPlugin),Set(Atom(sbt.plugins.IvyPlugin))), Clause(Atom(sbt.ScriptedPlugin),Set(Atom(sbt.plugins.JvmPlugin))), Clause(Atom(sbt.plugins.SbtPlugin),Set(Atom(sbt.ScriptedPlugin))), Clause(Atom(sbt.plugins.SemanticdbPlugin),Set(Atom(sbt.plugins.JvmPlugin))), Clause(Atom(sbt.plugins.JUnitXmlReportPlugin),Set(Atom(sbt.plugins.JvmPlugin))), Clause(Atom(sbt.plugins.MiniDependencyTreePlugin),Set(Atom(sbt.plugins.JvmPlugin))), Clause(Atom(sbt.plugins.CorePlugin),Set(Atom(sbt.plugins.IvyPlugin))), Clause(Atom(sbt.plugins.IvyPlugin),Set(Atom(sbt.plugins.JvmPlugin))), Clause(Atom(sbt.plugins.JvmPlugin),Set(Atom(sbt.plugins.SemanticdbPlugin))), Clause(Atom(sbt.plugins.JvmPlugin),Set(Atom(sbt.plugins.JUnitXmlReportPlugin))), Clause(Atom(sbt.plugins.CorePlugin),Set(Atom(sbt.plugins.Giter8TemplatePlugin))), Clause(Atom(sbt.plugins.JvmPlugin),Set(Atom(sbt.plugins.MiniDependencyTreePlugin)))))
[debug]   :: deduced result: Matched(sbt.plugins.CorePlugin,sbt.plugins.Giter8TemplatePlugin,sbt.plugins.IvyPlugin,sbt.plugins.JvmPlugin,sbt.plugins.MiniDependencyTreePlugin,sbt.plugins.JUnitXmlReportPlugin,sbt.plugins.SemanticdbPlugin)
[debug] Plugins.deducer#function took 31.992104 ms
[debug]           Load.resolveProject(global-plugins) took 76.698659ms
[debug]         Load.loadTransitive: finalizeProject(Project(id global-plugins, base: /Users/kex/.sbt/1.0/plugins, plugins: List(<none>))) took 172.262375ms
[debug] [Loading] Done in /Users/kex/.sbt/1.0/plugins, returning: (global-plugins)
[debug]       Load.loadUnit: loadedProjectsRaw took 228.937691ms
[debug]       Load.loadUnit: cleanEvalClasses took 0.350876ms
[debug]     Load.loadUnit(file:/Users/kex/.sbt/1.0/plugins/, ...) took 586.999733ms
[debug]   Load.apply: load took 1180.591756ms
[debug]   Load.apply: resolveProjects took 11.33821ms
[debug]   Load.apply: finalTransforms took 261.967733ms
[debug]   Load.apply: config.delegates took 31.830509ms
[debug]   Load.apply: Def.make(settings)... took 670.507384ms
[debug]   Load.apply: structureIndex took 157.239176ms
[debug]   Load.apply: mkStreams took 2.007417ms
[info] loading global plugins from /Users/kex/.sbt/1.0/plugins
[debug] Running task... Cancel: Signal, check cycles: false, forcegc: true
[debug] Load.defaultLoad until apply took 4798.486665ms
[debug]           Load.loadUnit: plugins took 25.770452ms
[debug]           Load.loadUnit: defsScala took 0.005997ms
[debug] [Loading] Scanning directory /Users/kex/Desktop/projekts/akka/chatchatchat/com.chatchatchat/project
[debug]             Load.loadUnit: mkEval took 8.78657ms
[debug] [Loading] Found non-root projects 
[debug] [Loading] Done in /Users/kex/Desktop/projekts/akka/chatchatchat/com.chatchatchat/project, returning: ()
[debug] deducing auto plugins based on known facts Set(Atom(sbt.plugins.CorePlugin)) and clauses Clauses(List(Clause(Atom(sbt.plugins.JvmPlugin),Set(Atom(sbt.plugins.IvyPlugin))), Clause(Atom(sbt.ScriptedPlugin),Set(Atom(sbt.plugins.JvmPlugin))), Clause(Atom(sbt.plugins.SbtPlugin),Set(Atom(sbt.ScriptedPlugin))), Clause(Atom(sbt.plugins.SemanticdbPlugin),Set(Atom(sbt.plugins.JvmPlugin))), Clause(Atom(sbt.plugins.JUnitXmlReportPlugin),Set(Atom(sbt.plugins.JvmPlugin))), Clause(Atom(sbt.plugins.MiniDependencyTreePlugin),Set(Atom(sbt.plugins.JvmPlugin))), Clause(Atom(sbt.plugins.CorePlugin),Set(Atom(sbt.plugins.IvyPlugin))), Clause(Atom(sbt.plugins.IvyPlugin),Set(Atom(sbt.plugins.JvmPlugin))), Clause(Atom(sbt.plugins.JvmPlugin),Set(Atom(sbt.plugins.SemanticdbPlugin))), Clause(Atom(sbt.plugins.JvmPlugin),Set(Atom(sbt.plugins.JUnitXmlReportPlugin))), Clause(Atom(sbt.plugins.CorePlugin),Set(Atom(sbt.plugins.Giter8TemplatePlugin))), Clause(Atom(sbt.plugins.JvmPlugin),Set(Atom(sbt.plugins.MiniDependencyTreePlugin)))))
[debug]   :: deduced result: Matched(sbt.plugins.CorePlugin,sbt.plugins.Giter8TemplatePlugin,sbt.plugins.IvyPlugin,sbt.plugins.JvmPlugin,sbt.plugins.MiniDependencyTreePlugin,sbt.plugins.JUnitXmlReportPlugin,sbt.plugins.SemanticdbPlugin)
[debug] Plugins.deducer#function took 2.066966 ms
[info] loading settings for project com-chatchatchat-build from idea5.sbt ...
[debug]               Load.resolveProject(com-chatchatchat-build) took 6.131642ms
[debug]             Load.loadTransitive: finalizeProject(Project(id com-chatchatchat-build, base: /Users/kex/Desktop/projekts/akka/chatchatchat/com.chatchatchat/project, plugins: List(<none>))) took 8.844591ms
[debug] [Loading] Done in /Users/kex/Desktop/projekts/akka/chatchatchat/com.chatchatchat/project, returning: (com-chatchatchat-build)
[debug]           Load.loadUnit: loadedProjectsRaw took 168.190559ms
[debug]           Load.loadUnit: cleanEvalClasses took 3.838333ms
[debug]         Load.loadUnit(file:/Users/kex/Desktop/projekts/akka/chatchatchat/com.chatchatchat/project/, ...) took 198.614871ms
[debug]       Load.apply: load took 200.200667ms
[debug]       Load.apply: resolveProjects took 1.609388ms
[debug]       Load.apply: finalTransforms took 11.802544ms
[debug]       Load.apply: config.delegates took 0.377182ms
[debug]       Load.apply: Def.make(settings)... took 130.393886ms
[debug]       Load.apply: structureIndex took 35.14791ms
[debug]       Load.apply: mkStreams took 0.003226ms
[info] loading project definition from /Users/kex/Desktop/projekts/akka/chatchatchat/com.chatchatchat/project
[debug] Running task... Cancel: Signal, check cycles: false, forcegc: true
[debug]     Load.loadUnit: plugins took 761.7165ms
[debug]     Load.loadUnit: defsScala took 0.003826ms
[debug] [Loading] Scanning directory /Users/kex/Desktop/projekts/akka/chatchatchat/com.chatchatchat
[debug]       Load.loadUnit: mkEval took 0.226953ms
[debug] [Loading] Found non-root projects 
[debug] [Loading] Done in /Users/kex/Desktop/projekts/akka/chatchatchat/com.chatchatchat, returning: ()
[debug] deducing auto plugins based on known facts Set(Atom(sbt.plugins.CorePlugin)) and clauses Clauses(List(Clause(Atom(sbt.plugins.JvmPlugin),Set(Atom(sbt.plugins.IvyPlugin))), Clause(Atom(sbt.ScriptedPlugin),Set(Atom(sbt.plugins.JvmPlugin))), Clause(Atom(sbt.plugins.SbtPlugin),Set(Atom(sbt.ScriptedPlugin))), Clause(Atom(sbt.plugins.SemanticdbPlugin),Set(Atom(sbt.plugins.JvmPlugin))), Clause(Atom(sbt.plugins.JUnitXmlReportPlugin),Set(Atom(sbt.plugins.JvmPlugin))), Clause(Atom(sbt.plugins.MiniDependencyTreePlugin),Set(Atom(sbt.plugins.JvmPlugin))), Clause(Atom(org.jetbrains.sbt.StructurePlugin),Set(Atom(sbt.plugins.JvmPlugin))), Clause(Atom(org.jetbrains.sbt.IdeaShellPlugin),Set(Atom(sbt.plugins.JvmPlugin))), Clause(Atom(org.jetbrains.sbt.indices.SbtIntellijIndicesPlugin),Set(Atom(sbt.plugins.JvmPlugin))), Clause(Atom(sbt.plugins.CorePlugin),Set(Atom(sbt.plugins.IvyPlugin))), Clause(Atom(sbt.plugins.IvyPlugin),Set(Atom(sbt.plugins.JvmPlugin))), Clause(Atom(sbt.plugins.JvmPlugin),Set(Atom(sbt.plugins.SemanticdbPlugin))), Clause(Atom(sbt.plugins.JvmPlugin),Set(Atom(sbt.plugins.JUnitXmlReportPlugin))), Clause(Atom(sbt.plugins.CorePlugin),Set(Atom(sbt.plugins.Giter8TemplatePlugin))), Clause(Atom(sbt.plugins.JvmPlugin),Set(Atom(sbt.plugins.MiniDependencyTreePlugin))), Clause(Atom(sbt.plugins.JvmPlugin),Set(Atom(org.jetbrains.sbt.StructurePlugin))), Clause(Atom(sbt.plugins.JvmPlugin),Set(Atom(org.jetbrains.sbt.IdeaShellPlugin))), Clause(And(Set(Atom(sbt.plugins.CorePlugin), Atom(sbt.plugins.JvmPlugin))),Set(Atom(org.jetbrains.sbt.indices.SbtIntellijIndicesPlugin)))))
[debug]   :: deduced result: Matched(sbt.plugins.CorePlugin,sbt.plugins.Giter8TemplatePlugin,sbt.plugins.IvyPlugin,sbt.plugins.JvmPlugin,sbt.plugins.SemanticdbPlugin,org.jetbrains.sbt.indices.SbtIntellijIndicesPlugin,sbt.plugins.JUnitXmlReportPlugin,org.jetbrains.sbt.IdeaShellPlugin,org.jetbrains.sbt.StructurePlugin,sbt.plugins.MiniDependencyTreePlugin)
[debug] Plugins.deducer#function took 2.706687 ms
[info] loading settings for project com-chatchatchat from build.sbt ...
[debug]         Load.resolveProject(com-chatchatchat) took 34.93765ms
[debug]       Load.loadTransitive: finalizeProject(Project(id com-chatchatchat, base: /Users/kex/Desktop/projekts/akka/chatchatchat/com.chatchatchat, plugins: List(<none>))) took 39.183377ms
[debug] [Loading] Done in /Users/kex/Desktop/projekts/akka/chatchatchat/com.chatchatchat, returning: (com-chatchatchat)
[debug]     Load.loadUnit: loadedProjectsRaw took 105.138356ms
[debug]     Load.loadUnit: cleanEvalClasses took 3.410464ms
[debug]   Load.loadUnit(file:/Users/kex/Desktop/projekts/akka/chatchatchat/com.chatchatchat/, ...) took 871.063356ms
[debug] Load.apply: load took 873.880415ms
[debug] Load.apply: resolveProjects took 0.162566ms
[debug] Load.apply: finalTransforms took 35.175451ms
[debug] Load.apply: config.delegates took 0.454462ms
[debug] Load.apply: Def.make(settings)... took 147.193706ms
[debug] Load.apply: structureIndex took 41.477568ms
[debug] Load.apply: mkStreams took 0.002998ms
[info] set current project to com.chatchatchat (in build file:/Users/kex/Desktop/projekts/akka/chatchatchat/com.chatchatchat/)
[debug] > Exec(sbtPopOnFailure, None, None)
[debug] > Exec(resumeFromFailure, None, None)
[debug] > Exec(notifyUsersAboutShell, None, None)
[debug] > Exec(iflast shell, None, None)
[debug] > Exec(; set ideaPort in Global := 64529 ; idea-shell, None, None)
[debug] > Exec(set ideaPort in Global := 64529, None, None)
[info] Defining Global / ideaPort
[info] The new value will be used by Compile / compile, Test / compile
[debug] Defining 
[debug] 	Global / ideaPort
[debug] 
[debug] The new value will be used by 
[debug] 	Compile / compile
[debug] 	Test / compile
[info] Reapplying settings...
[info] set current project to com.chatchatchat (in build file:/Users/kex/Desktop/projekts/akka/chatchatchat/com.chatchatchat/)
[debug] > Exec(idea-shell, None, None)
