[debug] > Exec(early(addDefaultCommands), None, None)
[debug] > Exec(addDefaultCommands, None, None)
[debug] > Exec(early(initialize), None, None)
[debug] > Exec(initialize, None, None)
[debug] > Exec(early(addPluginSbtFile="""/private/var/folders/49/lkdghk4d3x74yvb4_dvfr6fh0000gn/T/idea10.sbt"""), None, None)
[debug] > Exec(addPluginSbtFile="""/private/var/folders/49/lkdghk4d3x74yvb4_dvfr6fh0000gn/T/idea10.sbt""", None, None)
[debug] > Exec(boot, None, None)
[debug] > Exec(writeSbtVersion, None, None)
[debug] > Exec(reload, None, None)
[debug] > Exec(sbtStashOnFailure, None, None)
[debug] > Exec(onFailure loadFailed, None, None)
[debug] > Exec(loadp, None, None)
[info] welcome to sbt 1.4.2 (JetBrains s.r.o. Java 11.0.8)
[debug]       Load.loadUnit: plugins took 152.804419ms
[debug]       Load.loadUnit: defsScala took 0.409204ms
[debug] [Loading] Scanning directory /Users/kex/.sbt/1.0/plugins
[debug] [Loading] Found non-root projects 
[debug] [Loading] Done in /Users/kex/.sbt/1.0/plugins, returning: ()
[debug] deducing auto plugins based on known facts Set(Atom(sbt.plugins.CorePlugin)) and clauses Clauses(List(Clause(Atom(sbt.plugins.JvmPlugin),Set(Atom(sbt.plugins.IvyPlugin))), Clause(Atom(sbt.ScriptedPlugin),Set(Atom(sbt.plugins.JvmPlugin))), Clause(Atom(sbt.plugins.SbtPlugin),Set(Atom(sbt.ScriptedPlugin))), Clause(Atom(sbt.plugins.SemanticdbPlugin),Set(Atom(sbt.plugins.JvmPlugin))), Clause(Atom(sbt.plugins.JUnitXmlReportPlugin),Set(Atom(sbt.plugins.JvmPlugin))), Clause(Atom(sbt.plugins.MiniDependencyTreePlugin),Set(Atom(sbt.plugins.JvmPlugin))), Clause(Atom(sbt.plugins.CorePlugin),Set(Atom(sbt.plugins.IvyPlugin))), Clause(Atom(sbt.plugins.IvyPlugin),Set(Atom(sbt.plugins.JvmPlugin))), Clause(Atom(sbt.plugins.JvmPlugin),Set(Atom(sbt.plugins.SemanticdbPlugin))), Clause(Atom(sbt.plugins.JvmPlugin),Set(Atom(sbt.plugins.JUnitXmlReportPlugin))), Clause(Atom(sbt.plugins.CorePlugin),Set(Atom(sbt.plugins.Giter8TemplatePlugin))), Clause(Atom(sbt.plugins.JvmPlugin),Set(Atom(sbt.plugins.MiniDependencyTreePlugin)))))
[debug]   :: deduced result: Matched(sbt.plugins.CorePlugin,sbt.plugins.Giter8TemplatePlugin,sbt.plugins.IvyPlugin,sbt.plugins.JvmPlugin,sbt.plugins.MiniDependencyTreePlugin,sbt.plugins.JUnitXmlReportPlugin,sbt.plugins.SemanticdbPlugin)
[debug] Plugins.deducer#function took 35.038988 ms
[debug]           Load.resolveProject(global-plugins) took 72.04082ms
[debug]         Load.loadTransitive: finalizeProject(Project(id global-plugins, base: /Users/kex/.sbt/1.0/plugins, plugins: List(<none>))) took 148.622244ms
[debug] [Loading] Done in /Users/kex/.sbt/1.0/plugins, returning: (global-plugins)
[debug]       Load.loadUnit: loadedProjectsRaw took 179.471922ms
[debug]       Load.loadUnit: cleanEvalClasses took 0.320632ms
[debug]     Load.loadUnit(file:/Users/kex/.sbt/1.0/plugins/, ...) took 348.89584ms
[debug]   Load.apply: load took 1214.118739ms
[debug]   Load.apply: resolveProjects took 11.517552ms
[debug]   Load.apply: finalTransforms took 86.193732ms
[debug]   Load.apply: config.delegates took 7.220802ms
[debug]   Load.apply: Def.make(settings)... took 647.753329ms
[debug]   Load.apply: structureIndex took 138.191614ms
[debug]   Load.apply: mkStreams took 1.850543ms
[info] loading global plugins from /Users/kex/.sbt/1.0/plugins
[debug] Running task... Cancel: Signal, check cycles: false, forcegc: true
[debug] Load.defaultLoad until apply took 4642.456635ms
[debug]           Load.loadUnit: plugins took 21.135992ms
[debug]           Load.loadUnit: defsScala took 0.005123ms
[debug] [Loading] Scanning directory /Users/kex/Desktop/projekts/akka/chatchatchat/com.chatchatchat/project
[debug]             Load.loadUnit: mkEval took 8.145894ms
[debug] [Loading] Found non-root projects 
[debug] [Loading] Done in /Users/kex/Desktop/projekts/akka/chatchatchat/com.chatchatchat/project, returning: ()
[debug] deducing auto plugins based on known facts Set(Atom(sbt.plugins.CorePlugin)) and clauses Clauses(List(Clause(Atom(sbt.plugins.JvmPlugin),Set(Atom(sbt.plugins.IvyPlugin))), Clause(Atom(sbt.ScriptedPlugin),Set(Atom(sbt.plugins.JvmPlugin))), Clause(Atom(sbt.plugins.SbtPlugin),Set(Atom(sbt.ScriptedPlugin))), Clause(Atom(sbt.plugins.SemanticdbPlugin),Set(Atom(sbt.plugins.JvmPlugin))), Clause(Atom(sbt.plugins.JUnitXmlReportPlugin),Set(Atom(sbt.plugins.JvmPlugin))), Clause(Atom(sbt.plugins.MiniDependencyTreePlugin),Set(Atom(sbt.plugins.JvmPlugin))), Clause(Atom(sbt.plugins.CorePlugin),Set(Atom(sbt.plugins.IvyPlugin))), Clause(Atom(sbt.plugins.IvyPlugin),Set(Atom(sbt.plugins.JvmPlugin))), Clause(Atom(sbt.plugins.JvmPlugin),Set(Atom(sbt.plugins.SemanticdbPlugin))), Clause(Atom(sbt.plugins.JvmPlugin),Set(Atom(sbt.plugins.JUnitXmlReportPlugin))), Clause(Atom(sbt.plugins.CorePlugin),Set(Atom(sbt.plugins.Giter8TemplatePlugin))), Clause(Atom(sbt.plugins.JvmPlugin),Set(Atom(sbt.plugins.MiniDependencyTreePlugin)))))
[debug]   :: deduced result: Matched(sbt.plugins.CorePlugin,sbt.plugins.Giter8TemplatePlugin,sbt.plugins.IvyPlugin,sbt.plugins.JvmPlugin,sbt.plugins.MiniDependencyTreePlugin,sbt.plugins.JUnitXmlReportPlugin,sbt.plugins.SemanticdbPlugin)
[debug] Plugins.deducer#function took 2.435015 ms
[info] loading settings for project com-chatchatchat-build from idea10.sbt ...
[debug]               Load.resolveProject(com-chatchatchat-build) took 3.467475ms
[debug]             Load.loadTransitive: finalizeProject(Project(id com-chatchatchat-build, base: /Users/kex/Desktop/projekts/akka/chatchatchat/com.chatchatchat/project, plugins: List(<none>))) took 6.759721ms
[debug] [Loading] Done in /Users/kex/Desktop/projekts/akka/chatchatchat/com.chatchatchat/project, returning: (com-chatchatchat-build)
[debug]           Load.loadUnit: loadedProjectsRaw took 162.634874ms
[debug]           Load.loadUnit: cleanEvalClasses took 3.877333ms
[debug]         Load.loadUnit(file:/Users/kex/Desktop/projekts/akka/chatchatchat/com.chatchatchat/project/, ...) took 188.526134ms
[debug]       Load.apply: load took 193.076412ms
[debug]       Load.apply: resolveProjects took 0.163998ms
[debug]       Load.apply: finalTransforms took 20.444844ms
[debug]       Load.apply: config.delegates took 0.540959ms
[debug]       Load.apply: Def.make(settings)... took 118.925224ms
[debug]       Load.apply: structureIndex took 46.998616ms
[debug]       Load.apply: mkStreams took 0.004204ms
[info] loading project definition from /Users/kex/Desktop/projekts/akka/chatchatchat/com.chatchatchat/project
[debug] Running task... Cancel: Signal, check cycles: false, forcegc: true
[debug]     Load.loadUnit: plugins took 904.390503ms
[debug]     Load.loadUnit: defsScala took 0.003389ms
[debug] [Loading] Scanning directory /Users/kex/Desktop/projekts/akka/chatchatchat/com.chatchatchat
[debug]       Load.loadUnit: mkEval took 0.27729ms
[debug] [Loading] Found non-root projects 
[debug] [Loading] Done in /Users/kex/Desktop/projekts/akka/chatchatchat/com.chatchatchat, returning: ()
[debug] deducing auto plugins based on known facts Set(Atom(sbt.plugins.CorePlugin)) and clauses Clauses(List(Clause(Atom(sbt.plugins.JvmPlugin),Set(Atom(sbt.plugins.IvyPlugin))), Clause(Atom(sbt.ScriptedPlugin),Set(Atom(sbt.plugins.JvmPlugin))), Clause(Atom(sbt.plugins.SbtPlugin),Set(Atom(sbt.ScriptedPlugin))), Clause(Atom(sbt.plugins.SemanticdbPlugin),Set(Atom(sbt.plugins.JvmPlugin))), Clause(Atom(sbt.plugins.JUnitXmlReportPlugin),Set(Atom(sbt.plugins.JvmPlugin))), Clause(Atom(sbt.plugins.MiniDependencyTreePlugin),Set(Atom(sbt.plugins.JvmPlugin))), Clause(Atom(org.jetbrains.sbt.StructurePlugin),Set(Atom(sbt.plugins.JvmPlugin))), Clause(Atom(org.jetbrains.sbt.IdeaShellPlugin),Set(Atom(sbt.plugins.JvmPlugin))), Clause(Atom(org.jetbrains.sbt.indices.SbtIntellijIndicesPlugin),Set(Atom(sbt.plugins.JvmPlugin))), Clause(Atom(sbt.plugins.CorePlugin),Set(Atom(sbt.plugins.IvyPlugin))), Clause(Atom(sbt.plugins.IvyPlugin),Set(Atom(sbt.plugins.JvmPlugin))), Clause(Atom(sbt.plugins.JvmPlugin),Set(Atom(sbt.plugins.SemanticdbPlugin))), Clause(Atom(sbt.plugins.JvmPlugin),Set(Atom(sbt.plugins.JUnitXmlReportPlugin))), Clause(Atom(sbt.plugins.CorePlugin),Set(Atom(sbt.plugins.Giter8TemplatePlugin))), Clause(Atom(sbt.plugins.JvmPlugin),Set(Atom(sbt.plugins.MiniDependencyTreePlugin))), Clause(Atom(sbt.plugins.JvmPlugin),Set(Atom(org.jetbrains.sbt.StructurePlugin))), Clause(Atom(sbt.plugins.JvmPlugin),Set(Atom(org.jetbrains.sbt.IdeaShellPlugin))), Clause(And(Set(Atom(sbt.plugins.CorePlugin), Atom(sbt.plugins.JvmPlugin))),Set(Atom(org.jetbrains.sbt.indices.SbtIntellijIndicesPlugin)))))
[debug]   :: deduced result: Matched(sbt.plugins.CorePlugin,sbt.plugins.Giter8TemplatePlugin,sbt.plugins.IvyPlugin,sbt.plugins.JvmPlugin,sbt.plugins.SemanticdbPlugin,org.jetbrains.sbt.indices.SbtIntellijIndicesPlugin,sbt.plugins.JUnitXmlReportPlugin,org.jetbrains.sbt.IdeaShellPlugin,org.jetbrains.sbt.StructurePlugin,sbt.plugins.MiniDependencyTreePlugin)
[debug] Plugins.deducer#function took 4.730821 ms
[info] loading settings for project com-chatchatchat from build.sbt ...
[debug]         Load.resolveProject(com-chatchatchat) took 38.959416ms
[debug]       Load.loadTransitive: finalizeProject(Project(id com-chatchatchat, base: /Users/kex/Desktop/projekts/akka/chatchatchat/com.chatchatchat, plugins: List(<none>))) took 45.421079ms
[debug] [Loading] Done in /Users/kex/Desktop/projekts/akka/chatchatchat/com.chatchatchat, returning: (com-chatchatchat)
[debug]     Load.loadUnit: loadedProjectsRaw took 129.857689ms
[debug]     Load.loadUnit: cleanEvalClasses took 4.093088ms
[debug]   Load.loadUnit(file:/Users/kex/Desktop/projekts/akka/chatchatchat/com.chatchatchat/, ...) took 1039.052519ms
[debug] Load.apply: load took 1041.2995ms
[debug] Load.apply: resolveProjects took 0.127338ms
[debug] Load.apply: finalTransforms took 34.103759ms
[debug] Load.apply: config.delegates took 0.381454ms
[debug] Load.apply: Def.make(settings)... took 125.191907ms
[debug] Load.apply: structureIndex took 43.512094ms
[debug] Load.apply: mkStreams took 0.007875ms
[info] set current project to com.chatchatchat (in build file:/Users/kex/Desktop/projekts/akka/chatchatchat/com.chatchatchat/)
[debug] > Exec(sbtPopOnFailure, None, None)
[debug] > Exec(resumeFromFailure, None, None)
[debug] > Exec(notifyUsersAboutShell, None, None)
[debug] > Exec(iflast shell, None, None)
[debug] > Exec(; set ideaPort in Global := 64529 ; idea-shell, None, None)
[debug] > Exec(set ideaPort in Global := 64529, None, None)
[info] Defining Global / ideaPort
[info] The new value will be used by Compile / compile, Test / compile
[debug] Defining 
[debug] 	Global / ideaPort
[debug] 
[debug] The new value will be used by 
[debug] 	Compile / compile
[debug] 	Test / compile
[info] Reapplying settings...
[info] set current project to com.chatchatchat (in build file:/Users/kex/Desktop/projekts/akka/chatchatchat/com.chatchatchat/)
[debug] > Exec(idea-shell, None, None)
