[debug] > Exec(early(addDefaultCommands), None, None)
[debug] > Exec(addDefaultCommands, None, None)
[debug] > Exec(early(initialize), None, None)
[debug] > Exec(initialize, None, None)
[debug] > Exec(early(addPluginSbtFile="""/private/var/folders/49/lkdghk4d3x74yvb4_dvfr6fh0000gn/T/idea7.sbt"""), None, None)
[debug] > Exec(addPluginSbtFile="""/private/var/folders/49/lkdghk4d3x74yvb4_dvfr6fh0000gn/T/idea7.sbt""", None, None)
[debug] > Exec(boot, None, None)
[debug] > Exec(writeSbtVersion, None, None)
[debug] > Exec(reload, None, None)
[debug] > Exec(sbtStashOnFailure, None, None)
[debug] > Exec(onFailure loadFailed, None, None)
[debug] > Exec(loadp, None, None)
[info] welcome to sbt 1.4.2 (JetBrains s.r.o. Java 11.0.8)
[debug]       Load.loadUnit: plugins took 113.58984ms
[debug]       Load.loadUnit: defsScala took 0.305306ms
[debug] [Loading] Scanning directory /Users/kex/.sbt/1.0/plugins
[debug] [Loading] Found non-root projects 
[debug] [Loading] Done in /Users/kex/.sbt/1.0/plugins, returning: ()
[debug] deducing auto plugins based on known facts Set(Atom(sbt.plugins.CorePlugin)) and clauses Clauses(List(Clause(Atom(sbt.plugins.JvmPlugin),Set(Atom(sbt.plugins.IvyPlugin))), Clause(Atom(sbt.ScriptedPlugin),Set(Atom(sbt.plugins.JvmPlugin))), Clause(Atom(sbt.plugins.SbtPlugin),Set(Atom(sbt.ScriptedPlugin))), Clause(Atom(sbt.plugins.SemanticdbPlugin),Set(Atom(sbt.plugins.JvmPlugin))), Clause(Atom(sbt.plugins.JUnitXmlReportPlugin),Set(Atom(sbt.plugins.JvmPlugin))), Clause(Atom(sbt.plugins.MiniDependencyTreePlugin),Set(Atom(sbt.plugins.JvmPlugin))), Clause(Atom(sbt.plugins.CorePlugin),Set(Atom(sbt.plugins.IvyPlugin))), Clause(Atom(sbt.plugins.IvyPlugin),Set(Atom(sbt.plugins.JvmPlugin))), Clause(Atom(sbt.plugins.JvmPlugin),Set(Atom(sbt.plugins.SemanticdbPlugin))), Clause(Atom(sbt.plugins.JvmPlugin),Set(Atom(sbt.plugins.JUnitXmlReportPlugin))), Clause(Atom(sbt.plugins.CorePlugin),Set(Atom(sbt.plugins.Giter8TemplatePlugin))), Clause(Atom(sbt.plugins.JvmPlugin),Set(Atom(sbt.plugins.MiniDependencyTreePlugin)))))
[debug]   :: deduced result: Matched(sbt.plugins.CorePlugin,sbt.plugins.Giter8TemplatePlugin,sbt.plugins.IvyPlugin,sbt.plugins.JvmPlugin,sbt.plugins.MiniDependencyTreePlugin,sbt.plugins.JUnitXmlReportPlugin,sbt.plugins.SemanticdbPlugin)
[debug] Plugins.deducer#function took 25.083345 ms
[debug]           Load.resolveProject(global-plugins) took 61.915082ms
[debug]         Load.loadTransitive: finalizeProject(Project(id global-plugins, base: /Users/kex/.sbt/1.0/plugins, plugins: List(<none>))) took 125.946561ms
[debug] [Loading] Done in /Users/kex/.sbt/1.0/plugins, returning: (global-plugins)
[debug]       Load.loadUnit: loadedProjectsRaw took 154.361214ms
[debug]       Load.loadUnit: cleanEvalClasses took 0.223443ms
[debug]     Load.loadUnit(file:/Users/kex/.sbt/1.0/plugins/, ...) took 280.784142ms
[debug]   Load.apply: load took 877.38028ms
[debug]   Load.apply: resolveProjects took 8.738181ms
[debug]   Load.apply: finalTransforms took 63.663508ms
[debug]   Load.apply: config.delegates took 7.072247ms
[debug]   Load.apply: Def.make(settings)... took 548.030412ms
[debug]   Load.apply: structureIndex took 102.274125ms
[debug]   Load.apply: mkStreams took 1.477433ms
[info] loading global plugins from /Users/kex/.sbt/1.0/plugins
[debug] Running task... Cancel: Signal, check cycles: false, forcegc: true
[debug] Load.defaultLoad until apply took 5424.416448ms
[debug]           Load.loadUnit: plugins took 17.543541ms
[debug]           Load.loadUnit: defsScala took 0.002466ms
[debug] [Loading] Scanning directory /Users/kex/Desktop/projekts/akka/chatchatchat/com.chatchatchat/project
[debug]             Load.loadUnit: mkEval took 7.417647ms
[debug] [Loading] Found non-root projects 
[debug] [Loading] Done in /Users/kex/Desktop/projekts/akka/chatchatchat/com.chatchatchat/project, returning: ()
[debug] deducing auto plugins based on known facts Set(Atom(sbt.plugins.CorePlugin)) and clauses Clauses(List(Clause(Atom(sbt.plugins.JvmPlugin),Set(Atom(sbt.plugins.IvyPlugin))), Clause(Atom(sbt.ScriptedPlugin),Set(Atom(sbt.plugins.JvmPlugin))), Clause(Atom(sbt.plugins.SbtPlugin),Set(Atom(sbt.ScriptedPlugin))), Clause(Atom(sbt.plugins.SemanticdbPlugin),Set(Atom(sbt.plugins.JvmPlugin))), Clause(Atom(sbt.plugins.JUnitXmlReportPlugin),Set(Atom(sbt.plugins.JvmPlugin))), Clause(Atom(sbt.plugins.MiniDependencyTreePlugin),Set(Atom(sbt.plugins.JvmPlugin))), Clause(Atom(sbt.plugins.CorePlugin),Set(Atom(sbt.plugins.IvyPlugin))), Clause(Atom(sbt.plugins.IvyPlugin),Set(Atom(sbt.plugins.JvmPlugin))), Clause(Atom(sbt.plugins.JvmPlugin),Set(Atom(sbt.plugins.SemanticdbPlugin))), Clause(Atom(sbt.plugins.JvmPlugin),Set(Atom(sbt.plugins.JUnitXmlReportPlugin))), Clause(Atom(sbt.plugins.CorePlugin),Set(Atom(sbt.plugins.Giter8TemplatePlugin))), Clause(Atom(sbt.plugins.JvmPlugin),Set(Atom(sbt.plugins.MiniDependencyTreePlugin)))))
[debug]   :: deduced result: Matched(sbt.plugins.CorePlugin,sbt.plugins.Giter8TemplatePlugin,sbt.plugins.IvyPlugin,sbt.plugins.JvmPlugin,sbt.plugins.MiniDependencyTreePlugin,sbt.plugins.JUnitXmlReportPlugin,sbt.plugins.SemanticdbPlugin)
[debug] Plugins.deducer#function took 2.224255 ms
[info] loading settings for project com-chatchatchat-build from idea7.sbt ...
[debug]               Load.resolveProject(com-chatchatchat-build) took 3.522914ms
[debug]             Load.loadTransitive: finalizeProject(Project(id com-chatchatchat-build, base: /Users/kex/Desktop/projekts/akka/chatchatchat/com.chatchatchat/project, plugins: List(<none>))) took 6.630626ms
[debug] [Loading] Done in /Users/kex/Desktop/projekts/akka/chatchatchat/com.chatchatchat/project, returning: (com-chatchatchat-build)
[debug]           Load.loadUnit: loadedProjectsRaw took 134.164588ms
[debug]           Load.loadUnit: cleanEvalClasses took 4.426304ms
[debug]         Load.loadUnit(file:/Users/kex/Desktop/projekts/akka/chatchatchat/com.chatchatchat/project/, ...) took 156.966443ms
[debug]       Load.apply: load took 158.361172ms
[debug]       Load.apply: resolveProjects took 0.118887ms
[debug]       Load.apply: finalTransforms took 26.424692ms
[debug]       Load.apply: config.delegates took 0.303141ms
[debug]       Load.apply: Def.make(settings)... took 209.009309ms
[debug]       Load.apply: structureIndex took 33.097779ms
[debug]       Load.apply: mkStreams took 0.002667ms
[info] loading project definition from /Users/kex/Desktop/projekts/akka/chatchatchat/com.chatchatchat/project
[debug] Running task... Cancel: Signal, check cycles: false, forcegc: true
[debug]     Load.loadUnit: plugins took 1513.685731ms
[debug]     Load.loadUnit: defsScala took 0.003486ms
[debug] [Loading] Scanning directory /Users/kex/Desktop/projekts/akka/chatchatchat/com.chatchatchat
[debug]       Load.loadUnit: mkEval took 0.202642ms
[debug] [Loading] Found non-root projects 
[debug] [Loading] Done in /Users/kex/Desktop/projekts/akka/chatchatchat/com.chatchatchat, returning: ()
[debug] deducing auto plugins based on known facts Set(Atom(sbt.plugins.CorePlugin)) and clauses Clauses(List(Clause(Atom(sbt.plugins.JvmPlugin),Set(Atom(sbt.plugins.IvyPlugin))), Clause(Atom(sbt.ScriptedPlugin),Set(Atom(sbt.plugins.JvmPlugin))), Clause(Atom(sbt.plugins.SbtPlugin),Set(Atom(sbt.ScriptedPlugin))), Clause(Atom(sbt.plugins.SemanticdbPlugin),Set(Atom(sbt.plugins.JvmPlugin))), Clause(Atom(sbt.plugins.JUnitXmlReportPlugin),Set(Atom(sbt.plugins.JvmPlugin))), Clause(Atom(sbt.plugins.MiniDependencyTreePlugin),Set(Atom(sbt.plugins.JvmPlugin))), Clause(Atom(org.jetbrains.sbt.StructurePlugin),Set(Atom(sbt.plugins.JvmPlugin))), Clause(Atom(org.jetbrains.sbt.IdeaShellPlugin),Set(Atom(sbt.plugins.JvmPlugin))), Clause(Atom(org.jetbrains.sbt.indices.SbtIntellijIndicesPlugin),Set(Atom(sbt.plugins.JvmPlugin))), Clause(Atom(sbt.plugins.CorePlugin),Set(Atom(sbt.plugins.IvyPlugin))), Clause(Atom(sbt.plugins.IvyPlugin),Set(Atom(sbt.plugins.JvmPlugin))), Clause(Atom(sbt.plugins.JvmPlugin),Set(Atom(sbt.plugins.SemanticdbPlugin))), Clause(Atom(sbt.plugins.JvmPlugin),Set(Atom(sbt.plugins.JUnitXmlReportPlugin))), Clause(Atom(sbt.plugins.CorePlugin),Set(Atom(sbt.plugins.Giter8TemplatePlugin))), Clause(Atom(sbt.plugins.JvmPlugin),Set(Atom(sbt.plugins.MiniDependencyTreePlugin))), Clause(Atom(sbt.plugins.JvmPlugin),Set(Atom(org.jetbrains.sbt.StructurePlugin))), Clause(Atom(sbt.plugins.JvmPlugin),Set(Atom(org.jetbrains.sbt.IdeaShellPlugin))), Clause(And(Set(Atom(sbt.plugins.CorePlugin), Atom(sbt.plugins.JvmPlugin))),Set(Atom(org.jetbrains.sbt.indices.SbtIntellijIndicesPlugin)))))
[debug]   :: deduced result: Matched(sbt.plugins.CorePlugin,sbt.plugins.Giter8TemplatePlugin,sbt.plugins.IvyPlugin,sbt.plugins.JvmPlugin,sbt.plugins.SemanticdbPlugin,org.jetbrains.sbt.indices.SbtIntellijIndicesPlugin,sbt.plugins.JUnitXmlReportPlugin,org.jetbrains.sbt.IdeaShellPlugin,org.jetbrains.sbt.StructurePlugin,sbt.plugins.MiniDependencyTreePlugin)
[debug] Plugins.deducer#function took 2.250008 ms
[info] loading settings for project com-chatchatchat from build.sbt ...
[debug]         Load.resolveProject(com-chatchatchat) took 37.659914ms
[debug]       Load.loadTransitive: finalizeProject(Project(id com-chatchatchat, base: /Users/kex/Desktop/projekts/akka/chatchatchat/com.chatchatchat, plugins: List(<none>))) took 41.221172ms
[debug] [Loading] Done in /Users/kex/Desktop/projekts/akka/chatchatchat/com.chatchatchat, returning: (com-chatchatchat)
[debug]     Load.loadUnit: loadedProjectsRaw took 113.619354ms
[debug]     Load.loadUnit: cleanEvalClasses took 7.954532ms
[debug]   Load.loadUnit(file:/Users/kex/Desktop/projekts/akka/chatchatchat/com.chatchatchat/, ...) took 1636.040155ms
[debug] Load.apply: load took 1637.459107ms
[debug] Load.apply: resolveProjects took 0.08541ms
[debug] Load.apply: finalTransforms took 60.98822ms
[debug] Load.apply: config.delegates took 0.713998ms
[debug] Load.apply: Def.make(settings)... took 146.772786ms
[debug] Load.apply: structureIndex took 28.669331ms
[debug] Load.apply: mkStreams took 0.00324ms
[info] set current project to com.chatchatchat (in build file:/Users/kex/Desktop/projekts/akka/chatchatchat/com.chatchatchat/)
[debug] > Exec(sbtPopOnFailure, None, None)
[debug] > Exec(resumeFromFailure, None, None)
[debug] > Exec(notifyUsersAboutShell, None, None)
[debug] > Exec(iflast shell, None, None)
[debug] > Exec(; set ideaPort in Global := 64529 ; idea-shell, None, None)
[debug] > Exec(set ideaPort in Global := 64529, None, None)
[info] Defining Global / ideaPort
[info] The new value will be used by Compile / compile, Test / compile
[debug] Defining 
[debug] 	Global / ideaPort
[debug] 
[debug] The new value will be used by 
[debug] 	Compile / compile
[debug] 	Test / compile
[info] Reapplying settings...
[info] set current project to com.chatchatchat (in build file:/Users/kex/Desktop/projekts/akka/chatchatchat/com.chatchatchat/)
[debug] > Exec(idea-shell, None, None)
